Using pre-set license
Built from '2020.3/staging' branch; Version is '2020.3.32f1 (12f8b0834f07) revision 1243312'; Using compiler version '192528614'; Build Type 'Release'
OS: 'Windows 11  (10.0.22581) 64bit Core' Language: 'fr' Physical Memory: 7985 MB
BatchMode: 1, IsHumanControllingUs: 0, StartBugReporterOnCrash: 0, Is64bit: 1, IsPro: 0

COMMAND LINE ARGUMENTS:
C:\Program Files\Unity\Hub\Editor\2020.3.32f1\Editor\Unity.exe
-adb2
-batchMode
-noUpm
-name
AssetImportWorker0
-projectPath
C:/Users/charl/Desktop/JeuDevDurable/AppGarsIdrac/jeudevdurable
-logFile
Logs/AssetImportWorker0.log
-srvPort
32507
Successfully changed project path to: C:/Users/charl/Desktop/JeuDevDurable/AppGarsIdrac/jeudevdurable
C:/Users/charl/Desktop/JeuDevDurable/AppGarsIdrac/jeudevdurable
Using Asset Import Pipeline V2.
Refreshing native plugins compatible for Editor in 57.48 ms, found 3 plugins.
Preloading 0 native plugins for Editor in 0.00 ms.
Initialize engine version: 2020.3.32f1 (12f8b0834f07)
[Subsystems] Discovering subsystems at path C:/Program Files/Unity/Hub/Editor/2020.3.32f1/Editor/Data/Resources/UnitySubsystems
[Subsystems] Discovering subsystems at path C:/Users/charl/Desktop/JeuDevDurable/AppGarsIdrac/jeudevdurable/Assets
GfxDevice: creating device client; threaded=0
Direct3D:
    Version:  Direct3D 11.0 [level 11.1]
    Renderer: NVIDIA GeForce GTX 1650 (ID=0x1f99)
    Vendor:   
    VRAM:     3962 MB
    Driver:   30.0.15.1169
Initialize mono
Mono path[0] = 'C:/Program Files/Unity/Hub/Editor/2020.3.32f1/Editor/Data/Managed'
Mono path[1] = 'C:/Program Files/Unity/Hub/Editor/2020.3.32f1/Editor/Data/MonoBleedingEdge/lib/mono/unityjit'
Mono config path = 'C:/Program Files/Unity/Hub/Editor/2020.3.32f1/Editor/Data/MonoBleedingEdge/etc'
Using monoOptions --debugger-agent=transport=dt_socket,embedding=1,server=y,suspend=n,address=127.0.0.1:56376
Begin MonoManager ReloadAssembly
Registering precompiled unity dll's ...
Register platform support module: C:/Program Files/Unity/Hub/Editor/2020.3.32f1/Editor/Data/PlaybackEngines/WebGLSupport/UnityEditor.WebGL.Extensions.dll
Register platform support module: C:/Program Files/Unity/Hub/Editor/2020.3.32f1/Editor/Data/PlaybackEngines/WindowsStandaloneSupport/UnityEditor.WindowsStandalone.Extensions.dll
Registered in 0.003511 seconds.
Native extension for WindowsStandalone target not found
Native extension for WebGL target not found
Refreshing native plugins compatible for Editor in 50.47 ms, found 3 plugins.
Preloading 0 native plugins for Editor in 0.00 ms.
Mono: successfully reloaded assembly
- Completed reload, in  0.657 seconds
Domain Reload Profiling:
	ReloadAssembly (657ms)
		BeginReloadAssembly (66ms)
			ExecutionOrderSort (0ms)
			DisableScriptedObjects (0ms)
			BackupInstance (0ms)
			ReleaseScriptingObjects (0ms)
			CreateAndSetChildDomain (1ms)
		EndReloadAssembly (510ms)
			LoadAssemblies (64ms)
			RebuildTransferFunctionScriptingTraits (0ms)
			SetupTypeCache (174ms)
			ReleaseScriptCaches (0ms)
			RebuildScriptCaches (35ms)
			SetupLoadedEditorAssemblies (181ms)
				LogAssemblyErrors (0ms)
				InitializePlatformSupportModulesInManaged (6ms)
				SetLoadedEditorAssemblies (1ms)
				RefreshPlugins (51ms)
				BeforeProcessingInitializeOnLoad (14ms)
				ProcessInitializeOnLoadAttributes (81ms)
				ProcessInitializeOnLoadMethodAttributes (28ms)
				AfterProcessingInitializeOnLoad (0ms)
				EditorAssembliesLoaded (0ms)
			ExecutionOrderSort2 (0ms)
			AwakeInstancesAfterBackupRestoration (0ms)
Platform modules already initialized, skipping
Registering precompiled user dll's ...
Registered in 0.006488 seconds.
Begin MonoManager ReloadAssembly
Native extension for WindowsStandalone target not found
Native extension for WebGL target not found
Refreshing native plugins compatible for Editor in 62.17 ms, found 3 plugins.
Preloading 0 native plugins for Editor in 0.00 ms.
Mono: successfully reloaded assembly
- Completed reload, in  1.197 seconds
Domain Reload Profiling:
	ReloadAssembly (1198ms)
		BeginReloadAssembly (162ms)
			ExecutionOrderSort (0ms)
			DisableScriptedObjects (4ms)
			BackupInstance (0ms)
			ReleaseScriptingObjects (0ms)
			CreateAndSetChildDomain (19ms)
		EndReloadAssembly (974ms)
			LoadAssemblies (159ms)
			RebuildTransferFunctionScriptingTraits (0ms)
			SetupTypeCache (281ms)
			ReleaseScriptCaches (0ms)
			RebuildScriptCaches (52ms)
			SetupLoadedEditorAssemblies (399ms)
				LogAssemblyErrors (0ms)
				InitializePlatformSupportModulesInManaged (5ms)
				SetLoadedEditorAssemblies (0ms)
				RefreshPlugins (62ms)
				BeforeProcessingInitializeOnLoad (100ms)
				ProcessInitializeOnLoadAttributes (203ms)
				ProcessInitializeOnLoadMethodAttributes (24ms)
				AfterProcessingInitializeOnLoad (4ms)
				EditorAssembliesLoaded (0ms)
			ExecutionOrderSort2 (0ms)
			AwakeInstancesAfterBackupRestoration (6ms)
Platform modules already initialized, skipping
========================================================================
Worker process is ready to serve import requests
Launched and connected shader compiler UnityShaderCompiler.exe after 0.11 seconds
Refreshing native plugins compatible for Editor in 0.59 ms, found 3 plugins.
Preloading 0 native plugins for Editor in 0.00 ms.
Unloading 2319 Unused Serialized files (Serialized files now loaded: 0)
System memory in use before: 100.4 MB.
System memory in use after: 100.6 MB.

Unloading 38 unused Assets to reduce memory usage. Loaded Objects now: 2744.
Total: 3.795600 ms (FindLiveObjects: 0.211300 ms CreateObjectMapping: 0.114500 ms MarkObjects: 3.394800 ms  DeleteObjects: 0.074000 ms)

AssetImportParameters requested are different than current active one (requested -> active):
  custom:framework-win-MediaFoundation: 216162199b28c13a410421893ffa2e32 -> 
  custom:video-decoder-ogg-theora: a1e56fd34408186e4bbccfd4996cb3dc -> 
  custom:container-muxer-webm: aa71ff27fc2769a1b78a27578f13a17b -> 
  custom:container-demuxer-webm: 4f35f7cbe854078d1ac9338744f61a02 -> 
  custom:container-demuxer-ogg: 62fdf1f143b41e24485cea50d1cbac27 -> 
  custom:video-encoder-webm-vp8: eb34c28f22e8b96e1ab97ce403110664 -> 
  custom:video-codec-MediaFoundation-h265: 746d11721c4dcdbdad8f713fa42b33f4 -> 
  custom:video-decoder-webm-vp8: 9c59270c3fd7afecdb556c50c9e8de78 -> 
  custom:audio-decoder-ogg-vorbis: bf7c407c2cedff20999df2af8eb42d56 -> 
  custom:audio-encoder-webm-vorbis: bf7c407c2cedff20999df2af8eb42d56 -> 
========================================================================
Received Import Request.
  path: Assets/PrefabsGame1/sodaCanGame1.prefab
  artifactKey: Guid(3623b4cf1f5ee7f47a798833170a88da) Importer(815301076,1909f56bfc062723c751e8b465ee728b)
Start importing Assets/PrefabsGame1/sodaCanGame1.prefab using Guid(3623b4cf1f5ee7f47a798833170a88da) Importer(815301076,1909f56bfc062723c751e8b465ee728b)  -> (artifact id: '7158a9a79419e3751e5b4e8b6d62e900') in 0.265895 seconds 
========================================================================
Received Import Request.
  Time since last request: 0.000358 seconds.
  path: Assets/PrefabsGame1/brokenLightGame1.prefab
  artifactKey: Guid(a9cbaafb1e24e9847ad4d6ca9e4b8fa4) Importer(815301076,1909f56bfc062723c751e8b465ee728b)
Start importing Assets/PrefabsGame1/brokenLightGame1.prefab using Guid(a9cbaafb1e24e9847ad4d6ca9e4b8fa4) Importer(815301076,1909f56bfc062723c751e8b465ee728b)  -> (artifact id: '1bea2cfc1fa03740aeedf230b6990a85') in 0.013973 seconds 
========================================================================
Received Import Request.
  Time since last request: 0.000276 seconds.
  path: Assets/PrefabsGame1/brokenSetsGame1.prefab
  artifactKey: Guid(d9f06856f81e32c49a154139a3d955a2) Importer(815301076,1909f56bfc062723c751e8b465ee728b)
Start importing Assets/PrefabsGame1/brokenSetsGame1.prefab using Guid(d9f06856f81e32c49a154139a3d955a2) Importer(815301076,1909f56bfc062723c751e8b465ee728b)  -> (artifact id: '98eb6d0e75de412f4ed1873368e030bc') in 0.030309 seconds 
========================================================================
Received Import Request.
  Time since last request: 0.000273 seconds.
  path: Assets/PrefabsGame1/pizzaBoxGame1.prefab
  artifactKey: Guid(a6577fa30a073924fb996e9182fc1c44) Importer(815301076,1909f56bfc062723c751e8b465ee728b)
Start importing Assets/PrefabsGame1/pizzaBoxGame1.prefab using Guid(a6577fa30a073924fb996e9182fc1c44) Importer(815301076,1909f56bfc062723c751e8b465ee728b)  -> (artifact id: 'c1518a9d005fab5ab2834a43bff906c0') in 0.035084 seconds 
========================================================================
Received Import Request.
  Time since last request: 0.000187 seconds.
  path: Assets/PrefabsGame1/cardboardGame1.prefab
  artifactKey: Guid(c204a3fb3b2477b4ba06b53c59fae944) Importer(815301076,1909f56bfc062723c751e8b465ee728b)
Start importing Assets/PrefabsGame1/cardboardGame1.prefab using Guid(c204a3fb3b2477b4ba06b53c59fae944) Importer(815301076,1909f56bfc062723c751e8b465ee728b)  -> (artifact id: '96acdaf93508f4dbf4360835dfe4b323') in 0.031312 seconds 
========================================================================
Received Import Request.
  Time since last request: 0.000290 seconds.
  path: Assets/PrefabsGame1/glassBottleGame1.prefab
  artifactKey: Guid(6df20fa81948b2946a5d3a591ec783e3) Importer(815301076,1909f56bfc062723c751e8b465ee728b)
Start importing Assets/PrefabsGame1/glassBottleGame1.prefab using Guid(6df20fa81948b2946a5d3a591ec783e3) Importer(815301076,1909f56bfc062723c751e8b465ee728b)  -> (artifact id: 'f984ab072e2f9652286e4b8ad375d6b7') in 0.049600 seconds 
========================================================================
Received Import Request.
  Time since last request: 0.000182 seconds.
  path: Assets/PrefabsGame1/newspaperGame1.prefab
  artifactKey: Guid(6cc3d7e6b3726974ea6d4f5f0fd58f3a) Importer(815301076,1909f56bfc062723c751e8b465ee728b)
Start importing Assets/PrefabsGame1/newspaperGame1.prefab using Guid(6cc3d7e6b3726974ea6d4f5f0fd58f3a) Importer(815301076,1909f56bfc062723c751e8b465ee728b)  -> (artifact id: 'cc0b60a6382f36fc7e2e3c2f50e475f5') in 0.026940 seconds 
========================================================================
Received Import Request.
  Time since last request: 0.000220 seconds.
  path: Assets/PrefabsGame1/fishSkeletonGame1.prefab
  artifactKey: Guid(f09a8611c5245ed4796706398e776c69) Importer(815301076,1909f56bfc062723c751e8b465ee728b)
Start importing Assets/PrefabsGame1/fishSkeletonGame1.prefab using Guid(f09a8611c5245ed4796706398e776c69) Importer(815301076,1909f56bfc062723c751e8b465ee728b)  -> (artifact id: '9efda61f14ee5344b06a0a282aa74e38') in 0.016573 seconds 
========================================================================
Received Import Request.
  Time since last request: 0.000212 seconds.
  path: Assets/PrefabsGame1/bananaPeelGame1.prefab
  artifactKey: Guid(07a4002ea57a88b4cb8b0e1971572c1f) Importer(815301076,1909f56bfc062723c751e8b465ee728b)
Start importing Assets/PrefabsGame1/bananaPeelGame1.prefab using Guid(07a4002ea57a88b4cb8b0e1971572c1f) Importer(815301076,1909f56bfc062723c751e8b465ee728b)  -> (artifact id: 'cca7fb9b04e347f02c087f50fc1372c9') in 0.013578 seconds 
========================================================================
Received Import Request.
  Time since last request: 0.000547 seconds.
  path: Assets/PrefabsGame1/plasticBottleGame1.prefab
  artifactKey: Guid(8b09ba16fab7fc54180f979981768084) Importer(815301076,1909f56bfc062723c751e8b465ee728b)
Start importing Assets/PrefabsGame1/plasticBottleGame1.prefab using Guid(8b09ba16fab7fc54180f979981768084) Importer(815301076,1909f56bfc062723c751e8b465ee728b)  -> (artifact id: 'de7482b473fcb301d58e35a0bf5c8108') in 0.017156 seconds 
========================================================================
Received Prepare
Registering precompiled user dll's ...
Registered in 0.003304 seconds.
Begin MonoManager ReloadAssembly
Native extension for WindowsStandalone target not found
Native extension for WebGL target not found
Refreshing native plugins compatible for Editor in 0.54 ms, found 3 plugins.
Preloading 0 native plugins for Editor in 0.00 ms.
Mono: successfully reloaded assembly
- Completed reload, in  1.011 seconds
Domain Reload Profiling:
	ReloadAssembly (1011ms)
		BeginReloadAssembly (125ms)
			ExecutionOrderSort (0ms)
			DisableScriptedObjects (7ms)
			BackupInstance (0ms)
			ReleaseScriptingObjects (0ms)
			CreateAndSetChildDomain (41ms)
		EndReloadAssembly (835ms)
			LoadAssemblies (100ms)
			RebuildTransferFunctionScriptingTraits (0ms)
			SetupTypeCache (266ms)
			ReleaseScriptCaches (1ms)
			RebuildScriptCaches (45ms)
			SetupLoadedEditorAssemblies (323ms)
				LogAssemblyErrors (0ms)
				InitializePlatformSupportModulesInManaged (5ms)
				SetLoadedEditorAssemblies (0ms)
				RefreshPlugins (1ms)
				BeforeProcessingInitializeOnLoad (102ms)
				ProcessInitializeOnLoadAttributes (201ms)
				ProcessInitializeOnLoadMethodAttributes (10ms)
				AfterProcessingInitializeOnLoad (4ms)
				EditorAssembliesLoaded (0ms)
			ExecutionOrderSort2 (0ms)
			AwakeInstancesAfterBackupRestoration (8ms)
Platform modules already initialized, skipping
Switching build target platform(19) subTarget(0) extendedPlatform(0) -> platform(13) subTarget(537395200) extendedPlatform(0)
Refreshing native plugins compatible for Editor in 0.51 ms, found 3 plugins.
Preloading 0 native plugins for Editor in 0.00 ms.
Unloading 2311 Unused Serialized files (Serialized files now loaded: 0)
System memory in use before: 102.9 MB.
System memory in use after: 103.1 MB.

Unloading 27 unused Assets to reduce memory usage. Loaded Objects now: 2754.
Total: 2.662700 ms (FindLiveObjects: 0.200900 ms CreateObjectMapping: 0.107000 ms MarkObjects: 2.331400 ms  DeleteObjects: 0.022700 ms)

AssetImportParameters requested are different than current active one (requested -> active):
  custom:framework-win-MediaFoundation: 216162199b28c13a410421893ffa2e32 -> 
  custom:video-decoder-ogg-theora: a1e56fd34408186e4bbccfd4996cb3dc -> 
  custom:container-muxer-webm: aa71ff27fc2769a1b78a27578f13a17b -> 
  custom:container-demuxer-webm: 4f35f7cbe854078d1ac9338744f61a02 -> 
  custom:container-demuxer-ogg: 62fdf1f143b41e24485cea50d1cbac27 -> 
  custom:video-encoder-webm-vp8: eb34c28f22e8b96e1ab97ce403110664 -> 
  custom:video-codec-MediaFoundation-h265: 746d11721c4dcdbdad8f713fa42b33f4 -> 
  custom:video-decoder-webm-vp8: 9c59270c3fd7afecdb556c50c9e8de78 -> 
  custom:graphics/normal-map-encoding: 01000000000000000000000000000000 -> 02000000000000000000000000000000
  custom:audio-decoder-ogg-vorbis: bf7c407c2cedff20999df2af8eb42d56 -> 
  custom:audio-encoder-webm-vorbis: bf7c407c2cedff20999df2af8eb42d56 -> 
========================================================================
Received Import Request.
  Time since last request: 26.388423 seconds.
  path: Assets/PrefabsGame1/sodaCanGame1.prefab
  artifactKey: Guid(3623b4cf1f5ee7f47a798833170a88da) Importer(815301076,1909f56bfc062723c751e8b465ee728b)
Start importing Assets/PrefabsGame1/sodaCanGame1.prefab using Guid(3623b4cf1f5ee7f47a798833170a88da) Importer(815301076,1909f56bfc062723c751e8b465ee728b)  -> (artifact id: '3b1c47cb2823c2f25ea3d7516c8f12ba') in 0.067386 seconds 
========================================================================
Received Import Request.
  Time since last request: 0.000220 seconds.
  path: Assets/PrefabsGame1/brokenLightGame1.prefab
  artifactKey: Guid(a9cbaafb1e24e9847ad4d6ca9e4b8fa4) Importer(815301076,1909f56bfc062723c751e8b465ee728b)
Start importing Assets/PrefabsGame1/brokenLightGame1.prefab using Guid(a9cbaafb1e24e9847ad4d6ca9e4b8fa4) Importer(815301076,1909f56bfc062723c751e8b465ee728b)  -> (artifact id: 'f40b5e6cdf1c6928d2edb807485dfd8b') in 0.033969 seconds 
========================================================================
Received Import Request.
  Time since last request: 0.000220 seconds.
  path: Assets/PrefabsGame1/brokenSetsGame1.prefab
  artifactKey: Guid(d9f06856f81e32c49a154139a3d955a2) Importer(815301076,1909f56bfc062723c751e8b465ee728b)
Start importing Assets/PrefabsGame1/brokenSetsGame1.prefab using Guid(d9f06856f81e32c49a154139a3d955a2) Importer(815301076,1909f56bfc062723c751e8b465ee728b)  -> (artifact id: '6fc632bee06bdac11d63c1c6694d31d4') in 0.036560 seconds 
========================================================================
Received Import Request.
  Time since last request: 0.000250 seconds.
  path: Assets/PrefabsGame1/pizzaBoxGame1.prefab
  artifactKey: Guid(a6577fa30a073924fb996e9182fc1c44) Importer(815301076,1909f56bfc062723c751e8b465ee728b)
Start importing Assets/PrefabsGame1/pizzaBoxGame1.prefab using Guid(a6577fa30a073924fb996e9182fc1c44) Importer(815301076,1909f56bfc062723c751e8b465ee728b)  -> (artifact id: '6aa069d853df4e87e337383b530ef789') in 0.013802 seconds 
========================================================================
Received Import Request.
  Time since last request: 0.000264 seconds.
  path: Assets/PrefabsGame1/cardboardGame1.prefab
  artifactKey: Guid(c204a3fb3b2477b4ba06b53c59fae944) Importer(815301076,1909f56bfc062723c751e8b465ee728b)
Start importing Assets/PrefabsGame1/cardboardGame1.prefab using Guid(c204a3fb3b2477b4ba06b53c59fae944) Importer(815301076,1909f56bfc062723c751e8b465ee728b)  -> (artifact id: '569128382ef324b58e7820bf7b6a8aa1') in 0.031804 seconds 
========================================================================
Received Import Request.
  Time since last request: 0.000238 seconds.
  path: Assets/PrefabsGame1/glassBottleGame1.prefab
  artifactKey: Guid(6df20fa81948b2946a5d3a591ec783e3) Importer(815301076,1909f56bfc062723c751e8b465ee728b)
Start importing Assets/PrefabsGame1/glassBottleGame1.prefab using Guid(6df20fa81948b2946a5d3a591ec783e3) Importer(815301076,1909f56bfc062723c751e8b465ee728b)  -> (artifact id: 'aad98fa67d32dfc4b34d9bcd845b31f4') in 0.029856 seconds 
========================================================================
Received Import Request.
  Time since last request: 0.000189 seconds.
  path: Assets/PrefabsGame1/newspaperGame1.prefab
  artifactKey: Guid(6cc3d7e6b3726974ea6d4f5f0fd58f3a) Importer(815301076,1909f56bfc062723c751e8b465ee728b)
Start importing Assets/PrefabsGame1/newspaperGame1.prefab using Guid(6cc3d7e6b3726974ea6d4f5f0fd58f3a) Importer(815301076,1909f56bfc062723c751e8b465ee728b)  -> (artifact id: 'e9784bf98d6f45e24db30e69f9031774') in 0.011754 seconds 
========================================================================
Received Import Request.
  Time since last request: 0.000225 seconds.
  path: Assets/PrefabsGame1/fishSkeletonGame1.prefab
  artifactKey: Guid(f09a8611c5245ed4796706398e776c69) Importer(815301076,1909f56bfc062723c751e8b465ee728b)
Start importing Assets/PrefabsGame1/fishSkeletonGame1.prefab using Guid(f09a8611c5245ed4796706398e776c69) Importer(815301076,1909f56bfc062723c751e8b465ee728b)  -> (artifact id: 'f6c62b76475bf1242acaed02e70ccb63') in 0.014880 seconds 
========================================================================
Received Import Request.
  Time since last request: 0.000239 seconds.
  path: Assets/PrefabsGame1/plasticBottleGame1.prefab
  artifactKey: Guid(8b09ba16fab7fc54180f979981768084) Importer(815301076,1909f56bfc062723c751e8b465ee728b)
Start importing Assets/PrefabsGame1/plasticBottleGame1.prefab using Guid(8b09ba16fab7fc54180f979981768084) Importer(815301076,1909f56bfc062723c751e8b465ee728b)  -> (artifact id: '3802847c463997c131e73aa5b7cd1bbd') in 0.012156 seconds 
========================================================================
Received Import Request.
  Time since last request: 64.002346 seconds.
  path: Assets/Scenes/Game1.unity
  artifactKey: Guid(ffa847c79d5f77346bd876a587a56e7d) Importer(815301076,1909f56bfc062723c751e8b465ee728b)
Start importing Assets/Scenes/Game1.unity using Guid(ffa847c79d5f77346bd876a587a56e7d) Importer(815301076,1909f56bfc062723c751e8b465ee728b)  -> (artifact id: '5025229e4f106fbec2941bb25446105b') in 0.003037 seconds 
========================================================================
Received Import Request.
  Time since last request: 81.630430 seconds.
  path: Assets/Scenes/Game1.unity
  artifactKey: Guid(ffa847c79d5f77346bd876a587a56e7d) Importer(815301076,1909f56bfc062723c751e8b465ee728b)
Start importing Assets/Scenes/Game1.unity using Guid(ffa847c79d5f77346bd876a587a56e7d) Importer(815301076,1909f56bfc062723c751e8b465ee728b)  -> (artifact id: 'b51714dab5e1c70523ad90e142d60ace') in 0.002550 seconds 
========================================================================
Received Prepare
Refreshing native plugins compatible for Editor in 5.46 ms, found 3 plugins.
Preloading 0 native plugins for Editor in 0.00 ms.
Unloading 25 Unused Serialized files (Serialized files now loaded: 0)
System memory in use before: 57.7 MB.
System memory in use after: 57.9 MB.

Unloading 25 unused Assets to reduce memory usage. Loaded Objects now: 2755.
Total: 3.818600 ms (FindLiveObjects: 0.192000 ms CreateObjectMapping: 0.099100 ms MarkObjects: 3.500300 ms  DeleteObjects: 0.026300 ms)

AssetImportParameters requested are different than current active one (requested -> active):
  custom:framework-win-MediaFoundation: 216162199b28c13a410421893ffa2e32 -> 
  custom:video-decoder-ogg-theora: a1e56fd34408186e4bbccfd4996cb3dc -> 
  custom:container-muxer-webm: aa71ff27fc2769a1b78a27578f13a17b -> 
  custom:container-demuxer-webm: 4f35f7cbe854078d1ac9338744f61a02 -> 
  custom:container-demuxer-ogg: 62fdf1f143b41e24485cea50d1cbac27 -> 
  custom:video-encoder-webm-vp8: eb34c28f22e8b96e1ab97ce403110664 -> 
  custom:video-codec-MediaFoundation-h265: 746d11721c4dcdbdad8f713fa42b33f4 -> 
  custom:video-decoder-webm-vp8: 9c59270c3fd7afecdb556c50c9e8de78 -> 
  custom:audio-decoder-ogg-vorbis: bf7c407c2cedff20999df2af8eb42d56 -> 
  custom:audio-encoder-webm-vorbis: bf7c407c2cedff20999df2af8eb42d56 -> 
========================================================================
Received Import Request.
  Time since last request: 325.990762 seconds.
  path: Assets/Scenes/Game1.unity
  artifactKey: Guid(ffa847c79d5f77346bd876a587a56e7d) Importer(815301076,1909f56bfc062723c751e8b465ee728b)
Start importing Assets/Scenes/Game1.unity using Guid(ffa847c79d5f77346bd876a587a56e7d) Importer(815301076,1909f56bfc062723c751e8b465ee728b)  -> (artifact id: '5c21e8b15f02d07873e7fd7cbc204d9e') in 0.004536 seconds 
========================================================================
Received Import Request.
  Time since last request: 41.917101 seconds.
  path: Assets/Scenes/Game1.unity
  artifactKey: Guid(ffa847c79d5f77346bd876a587a56e7d) Importer(815301076,1909f56bfc062723c751e8b465ee728b)
Start importing Assets/Scenes/Game1.unity using Guid(ffa847c79d5f77346bd876a587a56e7d) Importer(815301076,1909f56bfc062723c751e8b465ee728b)  -> (artifact id: '9e7ea9453eb2cb6101cc36ba78116295') in 0.002871 seconds 
========================================================================
Received Prepare
Refreshing native plugins compatible for Editor in 11.91 ms, found 3 plugins.
Preloading 0 native plugins for Editor in 0.00 ms.
Unloading 25 Unused Serialized files (Serialized files now loaded: 0)
System memory in use before: 57.7 MB.
System memory in use after: 57.9 MB.

Unloading 25 unused Assets to reduce memory usage. Loaded Objects now: 2755.
Total: 25.748700 ms (FindLiveObjects: 0.241000 ms CreateObjectMapping: 0.125200 ms MarkObjects: 25.330800 ms  DeleteObjects: 0.050800 ms)

AssetImportParameters requested are different than current active one (requested -> active):
  custom:framework-win-MediaFoundation: 216162199b28c13a410421893ffa2e32 -> 
  custom:video-decoder-ogg-theora: a1e56fd34408186e4bbccfd4996cb3dc -> 
  custom:container-muxer-webm: aa71ff27fc2769a1b78a27578f13a17b -> 
  custom:container-demuxer-webm: 4f35f7cbe854078d1ac9338744f61a02 -> 
  custom:container-demuxer-ogg: 62fdf1f143b41e24485cea50d1cbac27 -> 
  custom:video-encoder-webm-vp8: eb34c28f22e8b96e1ab97ce403110664 -> 
  custom:video-codec-MediaFoundation-h265: 746d11721c4dcdbdad8f713fa42b33f4 -> 
  custom:video-decoder-webm-vp8: 9c59270c3fd7afecdb556c50c9e8de78 -> 
  custom:audio-decoder-ogg-vorbis: bf7c407c2cedff20999df2af8eb42d56 -> 
  custom:audio-encoder-webm-vorbis: bf7c407c2cedff20999df2af8eb42d56 -> 
========================================================================
Received Prepare
Registering precompiled user dll's ...
Registered in 0.011616 seconds.
Begin MonoManager ReloadAssembly
Native extension for WindowsStandalone target not found
Native extension for WebGL target not found
Refreshing native plugins compatible for Editor in 0.64 ms, found 3 plugins.
Preloading 0 native plugins for Editor in 0.00 ms.
Mono: successfully reloaded assembly
- Completed reload, in  2.502 seconds
Domain Reload Profiling:
	ReloadAssembly (2520ms)
		BeginReloadAssembly (987ms)
			ExecutionOrderSort (0ms)
			DisableScriptedObjects (124ms)
			BackupInstance (0ms)
			ReleaseScriptingObjects (0ms)
			CreateAndSetChildDomain (529ms)
		EndReloadAssembly (1250ms)
			LoadAssemblies (524ms)
			RebuildTransferFunctionScriptingTraits (0ms)
			SetupTypeCache (337ms)
			ReleaseScriptCaches (1ms)
			RebuildScriptCaches (55ms)
			SetupLoadedEditorAssemblies (353ms)
				LogAssemblyErrors (0ms)
				InitializePlatformSupportModulesInManaged (6ms)
				SetLoadedEditorAssemblies (1ms)
				RefreshPlugins (1ms)
				BeforeProcessingInitializeOnLoad (99ms)
				ProcessInitializeOnLoadAttributes (229ms)
				ProcessInitializeOnLoadMethodAttributes (14ms)
				AfterProcessingInitializeOnLoad (4ms)
				EditorAssembliesLoaded (0ms)
			ExecutionOrderSort2 (0ms)
			AwakeInstancesAfterBackupRestoration (9ms)
Platform modules already initialized, skipping
Switching build target platform(19) subTarget(0) extendedPlatform(0) -> platform(13) subTarget(537395200) extendedPlatform(0)
Refreshing native plugins compatible for Editor in 0.53 ms, found 3 plugins.
Preloading 0 native plugins for Editor in 0.00 ms.
Unloading 2311 Unused Serialized files (Serialized files now loaded: 0)
System memory in use before: 103.0 MB.
System memory in use after: 103.2 MB.

Unloading 27 unused Assets to reduce memory usage. Loaded Objects now: 2758.
Total: 3.057400 ms (FindLiveObjects: 0.215600 ms CreateObjectMapping: 0.122800 ms MarkObjects: 2.627700 ms  DeleteObjects: 0.090500 ms)

AssetImportParameters requested are different than current active one (requested -> active):
  custom:framework-win-MediaFoundation: 216162199b28c13a410421893ffa2e32 -> 
  custom:video-decoder-ogg-theora: a1e56fd34408186e4bbccfd4996cb3dc -> 
  custom:container-muxer-webm: aa71ff27fc2769a1b78a27578f13a17b -> 
  custom:container-demuxer-webm: 4f35f7cbe854078d1ac9338744f61a02 -> 
  custom:container-demuxer-ogg: 62fdf1f143b41e24485cea50d1cbac27 -> 
  custom:video-encoder-webm-vp8: eb34c28f22e8b96e1ab97ce403110664 -> 
  custom:video-codec-MediaFoundation-h265: 746d11721c4dcdbdad8f713fa42b33f4 -> 
  custom:video-decoder-webm-vp8: 9c59270c3fd7afecdb556c50c9e8de78 -> 
  custom:graphics/normal-map-encoding: 01000000000000000000000000000000 -> 02000000000000000000000000000000
  custom:audio-decoder-ogg-vorbis: bf7c407c2cedff20999df2af8eb42d56 -> 
  custom:audio-encoder-webm-vorbis: bf7c407c2cedff20999df2af8eb42d56 -> 
========================================================================
Received Prepare
Refreshing native plugins compatible for Editor in 12.26 ms, found 3 plugins.
Preloading 0 native plugins for Editor in 0.00 ms.
Unloading 25 Unused Serialized files (Serialized files now loaded: 0)
System memory in use before: 57.6 MB.
System memory in use after: 57.9 MB.

Unloading 25 unused Assets to reduce memory usage. Loaded Objects now: 2758.
Total: 3.373500 ms (FindLiveObjects: 0.203900 ms CreateObjectMapping: 0.117400 ms MarkObjects: 3.029700 ms  DeleteObjects: 0.021700 ms)

AssetImportParameters requested are different than current active one (requested -> active):
  custom:framework-win-MediaFoundation: 216162199b28c13a410421893ffa2e32 -> 
  custom:video-decoder-ogg-theora: a1e56fd34408186e4bbccfd4996cb3dc -> 
  custom:container-muxer-webm: aa71ff27fc2769a1b78a27578f13a17b -> 
  custom:container-demuxer-webm: 4f35f7cbe854078d1ac9338744f61a02 -> 
  custom:container-demuxer-ogg: 62fdf1f143b41e24485cea50d1cbac27 -> 
  custom:video-encoder-webm-vp8: eb34c28f22e8b96e1ab97ce403110664 -> 
  custom:video-codec-MediaFoundation-h265: 746d11721c4dcdbdad8f713fa42b33f4 -> 
  custom:video-decoder-webm-vp8: 9c59270c3fd7afecdb556c50c9e8de78 -> 
  custom:audio-decoder-ogg-vorbis: bf7c407c2cedff20999df2af8eb42d56 -> 
  custom:audio-encoder-webm-vorbis: bf7c407c2cedff20999df2af8eb42d56 -> 
========================================================================
Received Prepare
Registering precompiled user dll's ...
Registered in 0.003586 seconds.
Begin MonoManager ReloadAssembly
Native extension for WindowsStandalone target not found
Native extension for WebGL target not found
Refreshing native plugins compatible for Editor in 0.57 ms, found 3 plugins.
Preloading 0 native plugins for Editor in 0.00 ms.
Mono: successfully reloaded assembly
- Completed reload, in  1.149 seconds
Domain Reload Profiling:
	ReloadAssembly (1149ms)
		BeginReloadAssembly (137ms)
			ExecutionOrderSort (0ms)
			DisableScriptedObjects (6ms)
			BackupInstance (0ms)
			ReleaseScriptingObjects (0ms)
			CreateAndSetChildDomain (46ms)
		EndReloadAssembly (947ms)
			LoadAssemblies (110ms)
			RebuildTransferFunctionScriptingTraits (0ms)
			SetupTypeCache (330ms)
			ReleaseScriptCaches (1ms)
			RebuildScriptCaches (56ms)
			SetupLoadedEditorAssemblies (329ms)
				LogAssemblyErrors (0ms)
				InitializePlatformSupportModulesInManaged (7ms)
				SetLoadedEditorAssemblies (1ms)
				RefreshPlugins (1ms)
				BeforeProcessingInitializeOnLoad (103ms)
				ProcessInitializeOnLoadAttributes (197ms)
				ProcessInitializeOnLoadMethodAttributes (14ms)
				AfterProcessingInitializeOnLoad (7ms)
				EditorAssembliesLoaded (0ms)
			ExecutionOrderSort2 (0ms)
			AwakeInstancesAfterBackupRestoration (13ms)
Platform modules already initialized, skipping
Switching build target platform(19) subTarget(0) extendedPlatform(0) -> platform(13) subTarget(537395200) extendedPlatform(0)
Refreshing native plugins compatible for Editor in 0.66 ms, found 3 plugins.
Preloading 0 native plugins for Editor in 0.00 ms.
Unloading 2311 Unused Serialized files (Serialized files now loaded: 0)
System memory in use before: 103.0 MB.
System memory in use after: 103.2 MB.

Unloading 27 unused Assets to reduce memory usage. Loaded Objects now: 2761.
Total: 3.467400 ms (FindLiveObjects: 0.246800 ms CreateObjectMapping: 0.146000 ms MarkObjects: 3.030400 ms  DeleteObjects: 0.043000 ms)

AssetImportParameters requested are different than current active one (requested -> active):
  custom:framework-win-MediaFoundation: 216162199b28c13a410421893ffa2e32 -> 
  custom:video-decoder-ogg-theora: a1e56fd34408186e4bbccfd4996cb3dc -> 
  custom:container-muxer-webm: aa71ff27fc2769a1b78a27578f13a17b -> 
  custom:container-demuxer-webm: 4f35f7cbe854078d1ac9338744f61a02 -> 
  custom:container-demuxer-ogg: 62fdf1f143b41e24485cea50d1cbac27 -> 
  custom:video-encoder-webm-vp8: eb34c28f22e8b96e1ab97ce403110664 -> 
  custom:video-codec-MediaFoundation-h265: 746d11721c4dcdbdad8f713fa42b33f4 -> 
  custom:video-decoder-webm-vp8: 9c59270c3fd7afecdb556c50c9e8de78 -> 
  custom:graphics/normal-map-encoding: 01000000000000000000000000000000 -> 02000000000000000000000000000000
  custom:audio-decoder-ogg-vorbis: bf7c407c2cedff20999df2af8eb42d56 -> 
  custom:audio-encoder-webm-vorbis: bf7c407c2cedff20999df2af8eb42d56 -> 
========================================================================
Received Prepare
Refreshing native plugins compatible for Editor in 11.89 ms, found 3 plugins.
Preloading 0 native plugins for Editor in 0.00 ms.
Unloading 25 Unused Serialized files (Serialized files now loaded: 0)
System memory in use before: 57.7 MB.
System memory in use after: 57.9 MB.

Unloading 25 unused Assets to reduce memory usage. Loaded Objects now: 2761.
Total: 3.668700 ms (FindLiveObjects: 0.254800 ms CreateObjectMapping: 0.130900 ms MarkObjects: 3.233500 ms  DeleteObjects: 0.048700 ms)

AssetImportParameters requested are different than current active one (requested -> active):
  custom:framework-win-MediaFoundation: 216162199b28c13a410421893ffa2e32 -> 
  custom:video-decoder-ogg-theora: a1e56fd34408186e4bbccfd4996cb3dc -> 
  custom:container-muxer-webm: aa71ff27fc2769a1b78a27578f13a17b -> 
  custom:container-demuxer-webm: 4f35f7cbe854078d1ac9338744f61a02 -> 
  custom:container-demuxer-ogg: 62fdf1f143b41e24485cea50d1cbac27 -> 
  custom:video-encoder-webm-vp8: eb34c28f22e8b96e1ab97ce403110664 -> 
  custom:video-codec-MediaFoundation-h265: 746d11721c4dcdbdad8f713fa42b33f4 -> 
  custom:video-decoder-webm-vp8: 9c59270c3fd7afecdb556c50c9e8de78 -> 
  custom:audio-decoder-ogg-vorbis: bf7c407c2cedff20999df2af8eb42d56 -> 
  custom:audio-encoder-webm-vorbis: bf7c407c2cedff20999df2af8eb42d56 -> 
========================================================================
Received Import Request.
  Time since last request: 502.309640 seconds.
  path: Assets/Scenes/Game1.unity
  artifactKey: Guid(ffa847c79d5f77346bd876a587a56e7d) Importer(815301076,1909f56bfc062723c751e8b465ee728b)
Start importing Assets/Scenes/Game1.unity using Guid(ffa847c79d5f77346bd876a587a56e7d) Importer(815301076,1909f56bfc062723c751e8b465ee728b)  -> (artifact id: '3d9592147810a2748ff6005721805937') in 0.037596 seconds 
========================================================================
Received Prepare
Registering precompiled user dll's ...
Registered in 0.002704 seconds.
Begin MonoManager ReloadAssembly
Native extension for WindowsStandalone target not found
Native extension for WebGL target not found
Refreshing native plugins compatible for Editor in 0.55 ms, found 3 plugins.
Preloading 0 native plugins for Editor in 0.00 ms.
Mono: successfully reloaded assembly
- Completed reload, in  1.274 seconds
Domain Reload Profiling:
	ReloadAssembly (1275ms)
		BeginReloadAssembly (346ms)
			ExecutionOrderSort (0ms)
			DisableScriptedObjects (20ms)
			BackupInstance (0ms)
			ReleaseScriptingObjects (0ms)
			CreateAndSetChildDomain (189ms)
		EndReloadAssembly (862ms)
			LoadAssemblies (182ms)
			RebuildTransferFunctionScriptingTraits (0ms)
			SetupTypeCache (267ms)
			ReleaseScriptCaches (1ms)
			RebuildScriptCaches (47ms)
			SetupLoadedEditorAssemblies (300ms)
				LogAssemblyErrors (0ms)
				InitializePlatformSupportModulesInManaged (6ms)
				SetLoadedEditorAssemblies (1ms)
				RefreshPlugins (1ms)
				BeforeProcessingInitializeOnLoad (86ms)
				ProcessInitializeOnLoadAttributes (191ms)
				ProcessInitializeOnLoadMethodAttributes (11ms)
				AfterProcessingInitializeOnLoad (5ms)
				EditorAssembliesLoaded (0ms)
			ExecutionOrderSort2 (0ms)
			AwakeInstancesAfterBackupRestoration (8ms)
Platform modules already initialized, skipping
Switching build target platform(19) subTarget(0) extendedPlatform(0) -> platform(13) subTarget(537395200) extendedPlatform(0)
Refreshing native plugins compatible for Editor in 0.57 ms, found 3 plugins.
Preloading 0 native plugins for Editor in 0.00 ms.
Unloading 2311 Unused Serialized files (Serialized files now loaded: 0)
System memory in use before: 103.0 MB.
System memory in use after: 103.2 MB.

Unloading 27 unused Assets to reduce memory usage. Loaded Objects now: 2764.
Total: 2.783100 ms (FindLiveObjects: 0.224600 ms CreateObjectMapping: 0.115200 ms MarkObjects: 2.400400 ms  DeleteObjects: 0.042000 ms)

AssetImportParameters requested are different than current active one (requested -> active):
  custom:framework-win-MediaFoundation: 216162199b28c13a410421893ffa2e32 -> 
  custom:video-decoder-ogg-theora: a1e56fd34408186e4bbccfd4996cb3dc -> 
  custom:container-muxer-webm: aa71ff27fc2769a1b78a27578f13a17b -> 
  custom:container-demuxer-webm: 4f35f7cbe854078d1ac9338744f61a02 -> 
  custom:container-demuxer-ogg: 62fdf1f143b41e24485cea50d1cbac27 -> 
  custom:video-encoder-webm-vp8: eb34c28f22e8b96e1ab97ce403110664 -> 
  custom:video-codec-MediaFoundation-h265: 746d11721c4dcdbdad8f713fa42b33f4 -> 
  custom:video-decoder-webm-vp8: 9c59270c3fd7afecdb556c50c9e8de78 -> 
  custom:graphics/normal-map-encoding: 01000000000000000000000000000000 -> 02000000000000000000000000000000
  custom:audio-decoder-ogg-vorbis: bf7c407c2cedff20999df2af8eb42d56 -> 
  custom:audio-encoder-webm-vorbis: bf7c407c2cedff20999df2af8eb42d56 -> 
========================================================================
Received Prepare
Registering precompiled user dll's ...
Registered in 0.002383 seconds.
Begin MonoManager ReloadAssembly
Native extension for WindowsStandalone target not found
Native extension for WebGL target not found
Refreshing native plugins compatible for Editor in 0.57 ms, found 3 plugins.
Preloading 0 native plugins for Editor in 0.00 ms.
Mono: successfully reloaded assembly
- Completed reload, in  1.000 seconds
Domain Reload Profiling:
	ReloadAssembly (1000ms)
		BeginReloadAssembly (110ms)
			ExecutionOrderSort (0ms)
			DisableScriptedObjects (7ms)
			BackupInstance (0ms)
			ReleaseScriptingObjects (0ms)
			CreateAndSetChildDomain (37ms)
		EndReloadAssembly (837ms)
			LoadAssemblies (90ms)
			RebuildTransferFunctionScriptingTraits (0ms)
			SetupTypeCache (267ms)
			ReleaseScriptCaches (1ms)
			RebuildScriptCaches (49ms)
			SetupLoadedEditorAssemblies (298ms)
				LogAssemblyErrors (0ms)
				InitializePlatformSupportModulesInManaged (5ms)
				SetLoadedEditorAssemblies (1ms)
				RefreshPlugins (1ms)
				BeforeProcessingInitializeOnLoad (89ms)
				ProcessInitializeOnLoadAttributes (185ms)
				ProcessInitializeOnLoadMethodAttributes (11ms)
				AfterProcessingInitializeOnLoad (6ms)
				EditorAssembliesLoaded (0ms)
			ExecutionOrderSort2 (0ms)
			AwakeInstancesAfterBackupRestoration (10ms)
Platform modules already initialized, skipping
Switching build target platform(19) subTarget(0) extendedPlatform(0) -> platform(13) subTarget(537395200) extendedPlatform(0)
Refreshing native plugins compatible for Editor in 0.55 ms, found 3 plugins.
Preloading 0 native plugins for Editor in 0.00 ms.
Unloading 2311 Unused Serialized files (Serialized files now loaded: 0)
System memory in use before: 102.9 MB.
System memory in use after: 103.1 MB.

Unloading 27 unused Assets to reduce memory usage. Loaded Objects now: 2767.
Total: 2.820300 ms (FindLiveObjects: 0.197800 ms CreateObjectMapping: 0.099400 ms MarkObjects: 2.494700 ms  DeleteObjects: 0.027600 ms)

AssetImportParameters requested are different than current active one (requested -> active):
  custom:framework-win-MediaFoundation: 216162199b28c13a410421893ffa2e32 -> 
  custom:video-decoder-ogg-theora: a1e56fd34408186e4bbccfd4996cb3dc -> 
  custom:container-muxer-webm: aa71ff27fc2769a1b78a27578f13a17b -> 
  custom:container-demuxer-webm: 4f35f7cbe854078d1ac9338744f61a02 -> 
  custom:container-demuxer-ogg: 62fdf1f143b41e24485cea50d1cbac27 -> 
  custom:video-encoder-webm-vp8: eb34c28f22e8b96e1ab97ce403110664 -> 
  custom:video-codec-MediaFoundation-h265: 746d11721c4dcdbdad8f713fa42b33f4 -> 
  custom:video-decoder-webm-vp8: 9c59270c3fd7afecdb556c50c9e8de78 -> 
  custom:graphics/normal-map-encoding: 01000000000000000000000000000000 -> 02000000000000000000000000000000
  custom:audio-decoder-ogg-vorbis: bf7c407c2cedff20999df2af8eb42d56 -> 
  custom:audio-encoder-webm-vorbis: bf7c407c2cedff20999df2af8eb42d56 -> 
========================================================================
Received Prepare
Registering precompiled user dll's ...
Registered in 0.004867 seconds.
Begin MonoManager ReloadAssembly
Native extension for WindowsStandalone target not found
Native extension for WebGL target not found
Refreshing native plugins compatible for Editor in 0.56 ms, found 3 plugins.
Preloading 0 native plugins for Editor in 0.00 ms.
Mono: successfully reloaded assembly
- Completed reload, in  1.175 seconds
Domain Reload Profiling:
	ReloadAssembly (1179ms)
		BeginReloadAssembly (253ms)
			ExecutionOrderSort (0ms)
			DisableScriptedObjects (21ms)
			BackupInstance (0ms)
			ReleaseScriptingObjects (0ms)
			CreateAndSetChildDomain (92ms)
		EndReloadAssembly (863ms)
			LoadAssemblies (164ms)
			RebuildTransferFunctionScriptingTraits (0ms)
			SetupTypeCache (273ms)
			ReleaseScriptCaches (1ms)
			RebuildScriptCaches (52ms)
			SetupLoadedEditorAssemblies (300ms)
				LogAssemblyErrors (0ms)
				InitializePlatformSupportModulesInManaged (6ms)
				SetLoadedEditorAssemblies (1ms)
				RefreshPlugins (1ms)
				BeforeProcessingInitializeOnLoad (89ms)
				ProcessInitializeOnLoadAttributes (186ms)
				ProcessInitializeOnLoadMethodAttributes (13ms)
				AfterProcessingInitializeOnLoad (5ms)
				EditorAssembliesLoaded (0ms)
			ExecutionOrderSort2 (0ms)
			AwakeInstancesAfterBackupRestoration (10ms)
Platform modules already initialized, skipping
Switching build target platform(19) subTarget(0) extendedPlatform(0) -> platform(13) subTarget(537395200) extendedPlatform(0)
Refreshing native plugins compatible for Editor in 0.55 ms, found 3 plugins.
Preloading 0 native plugins for Editor in 0.00 ms.
Unloading 2311 Unused Serialized files (Serialized files now loaded: 0)
System memory in use before: 103.0 MB.
System memory in use after: 103.2 MB.

Unloading 27 unused Assets to reduce memory usage. Loaded Objects now: 2770.
Total: 6.740600 ms (FindLiveObjects: 0.386600 ms CreateObjectMapping: 0.187500 ms MarkObjects: 6.129000 ms  DeleteObjects: 0.036600 ms)

AssetImportParameters requested are different than current active one (requested -> active):
  custom:framework-win-MediaFoundation: 216162199b28c13a410421893ffa2e32 -> 
  custom:video-decoder-ogg-theora: a1e56fd34408186e4bbccfd4996cb3dc -> 
  custom:container-muxer-webm: aa71ff27fc2769a1b78a27578f13a17b -> 
  custom:container-demuxer-webm: 4f35f7cbe854078d1ac9338744f61a02 -> 
  custom:container-demuxer-ogg: 62fdf1f143b41e24485cea50d1cbac27 -> 
  custom:video-encoder-webm-vp8: eb34c28f22e8b96e1ab97ce403110664 -> 
  custom:video-codec-MediaFoundation-h265: 746d11721c4dcdbdad8f713fa42b33f4 -> 
  custom:video-decoder-webm-vp8: 9c59270c3fd7afecdb556c50c9e8de78 -> 
  custom:graphics/normal-map-encoding: 01000000000000000000000000000000 -> 02000000000000000000000000000000
  custom:audio-decoder-ogg-vorbis: bf7c407c2cedff20999df2af8eb42d56 -> 
  custom:audio-encoder-webm-vorbis: bf7c407c2cedff20999df2af8eb42d56 -> 
========================================================================
Received Prepare
Refreshing native plugins compatible for Editor in 12.86 ms, found 3 plugins.
Preloading 0 native plugins for Editor in 0.00 ms.
Unloading 25 Unused Serialized files (Serialized files now loaded: 0)
System memory in use before: 57.7 MB.
System memory in use after: 57.9 MB.

Unloading 25 unused Assets to reduce memory usage. Loaded Objects now: 2770.
Total: 3.408900 ms (FindLiveObjects: 0.206000 ms CreateObjectMapping: 0.113300 ms MarkObjects: 3.012500 ms  DeleteObjects: 0.076400 ms)

AssetImportParameters requested are different than current active one (requested -> active):
  custom:framework-win-MediaFoundation: 216162199b28c13a410421893ffa2e32 -> 
  custom:video-decoder-ogg-theora: a1e56fd34408186e4bbccfd4996cb3dc -> 
  custom:container-muxer-webm: aa71ff27fc2769a1b78a27578f13a17b -> 
  custom:container-demuxer-webm: 4f35f7cbe854078d1ac9338744f61a02 -> 
  custom:container-demuxer-ogg: 62fdf1f143b41e24485cea50d1cbac27 -> 
  custom:video-encoder-webm-vp8: eb34c28f22e8b96e1ab97ce403110664 -> 
  custom:video-codec-MediaFoundation-h265: 746d11721c4dcdbdad8f713fa42b33f4 -> 
  custom:video-decoder-webm-vp8: 9c59270c3fd7afecdb556c50c9e8de78 -> 
  custom:audio-decoder-ogg-vorbis: bf7c407c2cedff20999df2af8eb42d56 -> 
  custom:audio-encoder-webm-vorbis: bf7c407c2cedff20999df2af8eb42d56 -> 
========================================================================
Received Import Request.
  Time since last request: 642.029079 seconds.
  path: Assets/PrefabsGame2/cardboard.prefab
  artifactKey: Guid(4791271a6fcd200488d75f742d28131d) Importer(815301076,1909f56bfc062723c751e8b465ee728b)
Start importing Assets/PrefabsGame2/cardboard.prefab using Guid(4791271a6fcd200488d75f742d28131d) Importer(815301076,1909f56bfc062723c751e8b465ee728b)  -> (artifact id: '5d6cca0ee1046fbef370f247ee3b7376') in 0.448457 seconds 
========================================================================
Received Import Request.
  Time since last request: 22.923638 seconds.
  path: Assets/PrefabsGame1/cardboardGame1.prefab
  artifactKey: Guid(c204a3fb3b2477b4ba06b53c59fae944) Importer(815301076,1909f56bfc062723c751e8b465ee728b)
Start importing Assets/PrefabsGame1/cardboardGame1.prefab using Guid(c204a3fb3b2477b4ba06b53c59fae944) Importer(815301076,1909f56bfc062723c751e8b465ee728b)  -> (artifact id: '72ca81eb4ad72b2e04ff496240dfea48') in 0.023142 seconds 
========================================================================
Received Import Request.
  Time since last request: 6.010172 seconds.
  path: Assets/PrefabsGame1/cardboardGame1.prefab
  artifactKey: Guid(c204a3fb3b2477b4ba06b53c59fae944) Importer(815301076,1909f56bfc062723c751e8b465ee728b)
Start importing Assets/PrefabsGame1/cardboardGame1.prefab using Guid(c204a3fb3b2477b4ba06b53c59fae944) Importer(815301076,1909f56bfc062723c751e8b465ee728b)  -> (artifact id: '9a00a95c8194ebcd8fe8322be9422f25') in 0.015507 seconds 
========================================================================
Received Import Request.
  Time since last request: 3.006578 seconds.
  path: Assets/PrefabsGame1/cardboardGame1.prefab
  artifactKey: Guid(c204a3fb3b2477b4ba06b53c59fae944) Importer(815301076,1909f56bfc062723c751e8b465ee728b)
Start importing Assets/PrefabsGame1/cardboardGame1.prefab using Guid(c204a3fb3b2477b4ba06b53c59fae944) Importer(815301076,1909f56bfc062723c751e8b465ee728b)  -> (artifact id: 'f7faf88bbc3c9067cd18edca2f9126e9') in 0.027927 seconds 
========================================================================
Received Import Request.
  Time since last request: 7.318698 seconds.
  path: Assets/PrefabsGame1/cardboardGame1.prefab
  artifactKey: Guid(c204a3fb3b2477b4ba06b53c59fae944) Importer(815301076,1909f56bfc062723c751e8b465ee728b)
Start importing Assets/PrefabsGame1/cardboardGame1.prefab using Guid(c204a3fb3b2477b4ba06b53c59fae944) Importer(815301076,1909f56bfc062723c751e8b465ee728b)  -> (artifact id: '96049d3ea12833bd600e176ddc2063b1') in 0.015901 seconds 
========================================================================
Received Prepare
Refreshing native plugins compatible for Editor in 8.63 ms, found 3 plugins.
Preloading 0 native plugins for Editor in 0.00 ms.
Unloading 25 Unused Serialized files (Serialized files now loaded: 0)
System memory in use before: 57.8 MB.
System memory in use after: 58.0 MB.

Unloading 25 unused Assets to reduce memory usage. Loaded Objects now: 2771.
Total: 11.202400 ms (FindLiveObjects: 0.213600 ms CreateObjectMapping: 0.107600 ms MarkObjects: 10.852500 ms  DeleteObjects: 0.027500 ms)

AssetImportParameters requested are different than current active one (requested -> active):
  custom:framework-win-MediaFoundation: 216162199b28c13a410421893ffa2e32 -> 
  custom:video-decoder-ogg-theora: a1e56fd34408186e4bbccfd4996cb3dc -> 
  custom:container-muxer-webm: aa71ff27fc2769a1b78a27578f13a17b -> 
  custom:container-demuxer-webm: 4f35f7cbe854078d1ac9338744f61a02 -> 
  custom:container-demuxer-ogg: 62fdf1f143b41e24485cea50d1cbac27 -> 
  custom:video-encoder-webm-vp8: eb34c28f22e8b96e1ab97ce403110664 -> 
  custom:video-codec-MediaFoundation-h265: 746d11721c4dcdbdad8f713fa42b33f4 -> 
  custom:video-decoder-webm-vp8: 9c59270c3fd7afecdb556c50c9e8de78 -> 
  custom:audio-decoder-ogg-vorbis: bf7c407c2cedff20999df2af8eb42d56 -> 
  custom:audio-encoder-webm-vorbis: bf7c407c2cedff20999df2af8eb42d56 -> 
AssetImportWorkerClient::OnTransportError - code=2 error=End of file
